Using pre-set license
Built from '2020.3/release' branch; Version is '2020.3.2f1 (8fd9074bf66c) revision 9427207'; Using compiler version '192528614'; Build Type 'Release'
OS: 'Windows 10 Home; OS build 19041.867; Version 2004; 64bit' Language: 'en' Physical Memory: 32714 MB
BatchMode: 1, IsHumanControllingUs: 0, StartBugReporterOnCrash: 0, Is64bit: 1, IsPro: 0

 COMMAND LINE ARGUMENTS:
C:\Program Files\Unity\Hub\Editor\2020.3.2f1\Editor\Unity.exe
-adb2
-batchMode
-noUpm
-name
AssetImportWorker0
-projectPath
D:/Programming/unity-gauges
-logFile
Logs/AssetImportWorker0.log
-srvPort
64844
Successfully changed project path to: D:/Programming/unity-gauges
D:/Programming/unity-gauges
Using Asset Import Pipeline V2.
Refreshing native plugins compatible for Editor in 19.66 ms, found 0 plugins.
Preloading 0 native plugins for Editor in 0.00 ms.
Initialize engine version: 2020.3.2f1 (8fd9074bf66c)
[Subsystems] Discovering subsystems at path C:/Program Files/Unity/Hub/Editor/2020.3.2f1/Editor/Data/Resources/UnitySubsystems
[Subsystems] Discovering subsystems at path D:/Programming/unity-gauges/Assets
GfxDevice: creating device client; threaded=0
Direct3D:
    Version:  Direct3D 11.0 [level 11.1]
    Renderer: NVIDIA GeForce GTX 1080 Ti (ID=0x1b06)
    Vendor:   
    VRAM:     11127 MB
    Driver:   27.21.14.6589
Initialize mono
Mono path[0] = 'C:/Program Files/Unity/Hub/Editor/2020.3.2f1/Editor/Data/Managed'
Mono path[1] = 'C:/Program Files/Unity/Hub/Editor/2020.3.2f1/Editor/Data/MonoBleedingEdge/lib/mono/unityjit'
Mono config path = 'C:/Program Files/Unity/Hub/Editor/2020.3.2f1/Editor/Data/MonoBleedingEdge/etc'
Using monoOptions --debugger-agent=transport=dt_socket,embedding=1,server=y,suspend=n,address=127.0.0.1:56852
Begin MonoManager ReloadAssembly
Registering precompiled unity dll's ...
Register platform support module: C:/Program Files/Unity/Hub/Editor/2020.3.2f1/Editor/Data/PlaybackEngines/WindowsStandaloneSupport/UnityEditor.WindowsStandalone.Extensions.dll
Registered in 0.002577 seconds.
Native extension for WindowsStandalone target not found
Refreshing native plugins compatible for Editor in 18.86 ms, found 0 plugins.
Preloading 0 native plugins for Editor in 0.00 ms.
Invoked RoslynAnalysisRunner static constructor.
RoslynAnalysisRunner will not be running.
RoslynAnalysisRunner has terminated.
Mono: successfully reloaded assembly
- Completed reload, in  1.006 seconds
Platform modules already initialized, skipping
Registering precompiled user dll's ...
Registered in 0.000680 seconds.
Begin MonoManager ReloadAssembly
Native extension for WindowsStandalone target not found
Refreshing native plugins compatible for Editor in 0.18 ms, found 0 plugins.
Preloading 0 native plugins for Editor in 0.00 ms.
Invoked RoslynAnalysisRunner static constructor.
RoslynAnalysisRunner will not be running.
RoslynAnalysisRunner has terminated.
Mono: successfully reloaded assembly
- Completed reload, in  0.734 seconds
Platform modules already initialized, skipping
========================================================================
Worker process is ready to serve import requests
Launched and connected shader compiler UnityShaderCompiler.exe after 0.05 seconds
Refreshing native plugins compatible for Editor in 0.19 ms, found 0 plugins.
Preloading 0 native plugins for Editor in 0.00 ms.
Unloading 1115 Unused Serialized files (Serialized files now loaded: 0)
System memory in use before: 57.1 MB.
System memory in use after: 57.1 MB.

Unloading 10 unused Assets to reduce memory usage. Loaded Objects now: 1557.
Total: 1.772900 ms (FindLiveObjects: 0.109800 ms CreateObjectMapping: 0.028900 ms MarkObjects: 1.557200 ms  DeleteObjects: 0.076100 ms)

========================================================================
Received Import Request.
  path: Assets/com.fluid.unity-gauges/Editor/com.fluid.unity-gauges.Editor.asmdef
  artifactKey: Guid(599584a69401075478b536d68fdc8267) Importer(815301076,1909f56bfc062723c751e8b465ee728b)
Start importing Assets/com.fluid.unity-gauges/Editor/com.fluid.unity-gauges.Editor.asmdef using Guid(599584a69401075478b536d68fdc8267) Importer(815301076,1909f56bfc062723c751e8b465ee728b)  -> (artifact id: 'b275ad90921230e783a1aa4e46660749') in 0.028044 seconds
  Import took 0.029606 seconds .

========================================================================
Received Import Request.
  Time since last request: 0.000299 seconds.
  path: Assets/com.fluid.unity-gauges/Runtime/com.fluid.unity-gauges.asmdef
  artifactKey: Guid(b4ca257e164a7b24e8871e6645869034) Importer(815301076,1909f56bfc062723c751e8b465ee728b)
Start importing Assets/com.fluid.unity-gauges/Runtime/com.fluid.unity-gauges.asmdef using Guid(b4ca257e164a7b24e8871e6645869034) Importer(815301076,1909f56bfc062723c751e8b465ee728b)  -> (artifact id: '28faf298d01bb387ce3ca5afc1657238') in 0.003456 seconds
  Import took 0.004871 seconds .

========================================================================
Received Import Request.
  Time since last request: 3.287616 seconds.
  path: Assets/com.fluid.unity-gauges/Tests/Editor/com.fluid.unity-gauges.Editor.Tests.asmdef
  artifactKey: Guid(941ea3fcdb7256e4bbacd8cfce5e8502) Importer(815301076,1909f56bfc062723c751e8b465ee728b)
Start importing Assets/com.fluid.unity-gauges/Tests/Editor/com.fluid.unity-gauges.Editor.Tests.asmdef using Guid(941ea3fcdb7256e4bbacd8cfce5e8502) Importer(815301076,1909f56bfc062723c751e8b465ee728b)  -> (artifact id: 'd1a315843e4ccf7f556290f2c59a834e') in 0.003535 seconds
  Import took 0.005066 seconds .

========================================================================
Received Import Request.
  Time since last request: 1.277508 seconds.
  path: Assets/com.fluid.unity-gauges/Tests/Runtime/com.fluid.unity-gauges.Tests.asmdef
  artifactKey: Guid(5983a60b9176a1f41a28397a499cc7d2) Importer(815301076,1909f56bfc062723c751e8b465ee728b)
Start importing Assets/com.fluid.unity-gauges/Tests/Runtime/com.fluid.unity-gauges.Tests.asmdef using Guid(5983a60b9176a1f41a28397a499cc7d2) Importer(815301076,1909f56bfc062723c751e8b465ee728b)  -> (artifact id: 'cbb710d3f7508bfd0e85e6154fd11f2d') in 0.004101 seconds
  Import took 0.005649 seconds .

AssetImportWorkerClient::OnTransportError - code=2 error=End of file
